Determining if the C compiler works failed with the following output:
Change Dir: C:/Users/admin/CLionProjects/5С/cmake-build-debug/CMakeFiles/CMakeTmp

Run Build Command(s):C:/PROGRA~2/MINGW-~1/I686-8~1.0-P/mingw32/bin/mingw32-make.exe cmTC_ca62f/fast && C:/PROGRA~2/MINGW-~1/I686-8~1.0-P/mingw32/bin/mingw32-make.exe  -f CMakeFiles\cmTC_ca62f.dir\build.make CMakeFiles/cmTC_ca62f.dir/build
mingw32-make.exe[1]: Entering directory 'C:/Users/admin/CLionProjects/5╤/cmake-build-debug/CMakeFiles/CMakeTmp'
Building C object CMakeFiles/cmTC_ca62f.dir/testCCompiler.c.obj
C:\PROGRA~2\MINGW-~1\I686-8~1.0-P\mingw32\bin\gcc.exe    -o CMakeFiles\cmTC_ca62f.dir\testCCompiler.c.obj   -c C:\Users\admin\CLionProjects\5╨б\cmake-build-debug\CMakeFiles\CMakeTmp\testCCompiler.c
gcc.exe: error: C:\Users\admin\CLionProjects\5╨б\cmake-build-debug\CMakeFiles\CMakeTmp\testCCompiler.c: No such file or directory
gcc.exe: fatal error: no input files
compilation terminated.
mingw32-make.exe[1]: *** [CMakeFiles\cmTC_ca62f.dir\build.make:85: CMakeFiles/cmTC_ca62f.dir/testCCompiler.c.obj] Error 1
mingw32-make.exe[1]: Leaving directory 'C:/Users/admin/CLionProjects/5╤/cmake-build-debug/CMakeFiles/CMakeTmp'
mingw32-make.exe: *** [Makefile:140: cmTC_ca62f/fast] Error 2



